Arguments: 
  /Users/javiervasquez/.volta/tools/image/node/16.20.0/bin/node /Users/javiervasquez/.yarn/bin/yarn.js -D add serverless-apigw-cors

PATH: 
  /Users/javiervasquez/.volta/tools/image/yarn/1.22.18/bin:/Users/javiervasquez/.volta/tools/image/node/16.20.0/bin:/usr/local/go/bin:/Users/javiervasquez/.yarn/bin:/Users/javiervasquez/.config/yarn/global/node_modules/.bin:/Users/javiervasquez/Downloads/google-cloud-sdk/bin:/Users/javiervasquez/.volta/bin:/opt/homebrew/bin:/opt/homebrew/sbin:/usr/local/bin:/System/Cryptexes/App/usr/bin:/usr/bin:/bin:/usr/sbin:/sbin:/usr/local/go/bin:/Library/Apple/usr/bin:/Users/javiervasquez/Library/Android/sdk/platform-tools

Yarn version: 
  1.22.19

Node version: 
  16.20.0

Platform: 
  darwin arm64

Trace: 
  Error: https://registry.yarnpkg.com/serverless-apigw-cors: Not found
      at Request.params.callback [as _callback] (/Users/javiervasquez/.yarn/lib/cli.js:66145:18)
      at Request.self.callback (/Users/javiervasquez/.yarn/lib/cli.js:140890:22)
      at Request.emit (node:events:513:28)
      at Request.<anonymous> (/Users/javiervasquez/.yarn/lib/cli.js:141862:10)
      at Request.emit (node:events:513:28)
      at IncomingMessage.<anonymous> (/Users/javiervasquez/.yarn/lib/cli.js:141784:12)
      at Object.onceWrapper (node:events:627:28)
      at IncomingMessage.emit (node:events:525:35)
      at endReadableNT (node:internal/streams/readable:1358:12)
      at processTicksAndRejections (node:internal/process/task_queues:83:21)

npm manifest: 
  No manifest

yarn manifest: 
  No manifest

Lockfile: 
  No lockfile
